<?xml version="1.0" encoding="UTF-8"?>
<!-- Generated by org.testng.reporters.JUnitReportReporter -->
<testsuite hostname="PaviMouli" failures="0" tests="2" name="testngframework.E_DependsOnMethods" time="4.100" errors="0" timestamp="2025-08-31T22:02:18 IST" skipped="0">
  <testcase classname="testngframework.E_DependsOnMethods" name="method1" time="0.963"/>
  <testcase classname="testngframework.E_DependsOnMethods" name="method2" time="3.137"/>
</testsuite> <!-- testngframework.E_DependsOnMethods -->
