<?xml version="1.0" encoding="UTF-8"?>
<!-- Generated by org.testng.reporters.JUnitReportReporter -->
<testsuite hostname="PaviMouli" failures="0" tests="1" name="pagescrolldownandscrollup.ScrolldownandScrollup" time="2.208" errors="0" timestamp="2025-09-16T09:00:50 IST" skipped="0">
  <testcase classname="pagescrolldownandscrollup.ScrolldownandScrollup" name="scrolldown" time="2.208"/>
</testsuite> <!-- pagescrolldownandscrollup.ScrolldownandScrollup -->
