<?xml version="1.0" encoding="UTF-8"?>
<!-- Generated by org.testng.reporters.JUnitReportReporter -->
<testsuite hostname="PaviMouli" failures="0" tests="1" name="screenshots.SelectedWebElementScreenshot" time="5.283" errors="0" timestamp="2025-09-09T17:21:32 IST" skipped="0">
  <testcase classname="screenshots.SelectedWebElementScreenshot" name="TakeScreenShot" time="5.283"/>
</testsuite> <!-- screenshots.SelectedWebElementScreenshot -->
