<?xml version="1.0" encoding="UTF-8"?>
<!-- Generated by org.testng.reporters.JUnitReportReporter -->
<testsuite hostname="PaviMouli" failures="0" tests="1" name="verifytabtitleurltext.VerifyTabTitleURLAndText" time="1.151" errors="0" timestamp="2025-09-04T16:09:14 IST" skipped="0">
  <testcase classname="verifytabtitleurltext.VerifyTabTitleURLAndText" name="verifyapplicationtext" time="1.151"/>
</testsuite> <!-- verifytabtitleurltext.VerifyTabTitleURLAndText -->
