<?xml version="1.0" encoding="UTF-8"?>
<!-- Generated by org.testng.reporters.JUnitReportReporter -->
<testsuite hostname="PaviMouli" failures="0" tests="3" name="testngframework.J_TestCases_Execution_XML_Group" time="45.618" errors="0" timestamp="2025-08-31T22:14:08 IST" skipped="0">
  <testcase classname="testngframework.J_TestCases_Execution_XML_Group" name="selenium" time="22.121"/>
  <testcase classname="testngframework.J_TestCases_Execution_XML_Group" name="redmine" time="0.736"/>
  <testcase classname="testngframework.J_TestCases_Execution_XML_Group" name="techlearn" time="22.761"/>
</testsuite> <!-- testngframework.J_TestCases_Execution_XML_Group -->
