<?xml version="1.0" encoding="UTF-8"?>
<!-- Generated by org.testng.reporters.JUnitReportReporter -->
<testsuite hostname="PaviMouli" failures="0" tests="1" name="locators.SeleniumLocators" time="18.181" errors="0" timestamp="2025-09-13T19:13:14 IST" skipped="0">
  <testcase classname="locators.SeleniumLocators" name="cssSelectorPractice" time="18.181"/>
</testsuite> <!-- locators.SeleniumLocators -->
