<?xml version="1.0" encoding="UTF-8"?>
<!-- Generated by org.testng.reporters.JUnitReportReporter -->
<testsuite hostname="PaviMouli" failures="0" tests="1" name="iframehandling.Iframepractice" time="30.536" errors="0" timestamp="2025-09-02T21:53:36 IST" skipped="0">
  <testcase classname="iframehandling.Iframepractice" name="frames" time="30.536"/>
</testsuite> <!-- iframehandling.Iframepractice -->
