<?xml version="1.0" encoding="UTF-8"?>
<!-- Generated by org.testng.reporters.JUnitReportReporter -->
<testsuite hostname="PaviMouli" failures="0" tests="3" name="verificationtextfieldsradiobtncheckbox.VerifyInputTextRadioAndCheckbox" time="17.508" errors="0" timestamp="2025-09-09T07:28:41 IST" skipped="0">
  <testcase classname="verificationtextfieldsradiobtncheckbox.VerifyInputTextRadioAndCheckbox" name="isEnabledMethod" time="4.991"/>
  <testcase classname="verificationtextfieldsradiobtncheckbox.VerifyInputTextRadioAndCheckbox" name="isDisplayedMethod" time="7.521"/>
  <testcase classname="verificationtextfieldsradiobtncheckbox.VerifyInputTextRadioAndCheckbox" name="isSeletedMethod" time="4.996"/>
</testsuite> <!-- verificationtextfieldsradiobtncheckbox.VerifyInputTextRadioAndCheckbox -->
