<?xml version="1.0" encoding="UTF-8"?>
<!-- Generated by org.testng.reporters.JUnitReportReporter -->
<testsuite hostname="PaviMouli" failures="0" tests="2" name="techlearn.techlearnlogin" time="5.555" errors="0" timestamp="2025-08-31T22:02:18 IST" skipped="0">
  <testcase classname="techlearn.techlearnlogin" name="method2" time="1.933"/>
  <testcase classname="techlearn.techlearnlogin" name="method1" time="3.622"/>
</testsuite> <!-- techlearn.techlearnlogin -->
