<?xml version="1.0" encoding="UTF-8"?>
<!-- Generated by org.testng.reporters.JUnitReportReporter -->
<testsuite hostname="PaviMouli" failures="0" tests="1" name="newtabsandnewwindow.SwithtoTabsandWindows" time="36.167" errors="0" timestamp="2025-09-04T16:18:37 IST" skipped="0">
  <testcase classname="newtabsandnewwindow.SwithtoTabsandWindows" name="tabswitch" time="36.167"/>
</testsuite> <!-- newtabsandnewwindow.SwithtoTabsandWindows -->
