<?xml version="1.0" encoding="UTF-8"?>
<!-- Generated by org.testng.reporters.JUnitReportReporter -->
<testsuite hostname="PaviMouli" failures="0" tests="2" name="testngframework.I_TestCases_Execution_XML_File_or_Suite_File" time="5.383" errors="0" timestamp="2025-08-31T21:31:59 IST" skipped="0">
  <testcase classname="testngframework.I_TestCases_Execution_XML_File_or_Suite_File" name="Zomato" time="0.888"/>
  <testcase classname="testngframework.I_TestCases_Execution_XML_File_or_Suite_File" name="twitter" time="4.495"/>
</testsuite> <!-- testngframework.I_TestCases_Execution_XML_File_or_Suite_File -->
