<?xml version="1.0" encoding="UTF-8"?>
<!-- Generated by org.testng.reporters.JUnitReportReporter -->
<testsuite hostname="PaviMouli" failures="0" tests="1" name="screenshots.FullpageScreenshot" time="32.246" errors="0" timestamp="2025-09-09T17:26:01 IST" skipped="0">
  <testcase classname="screenshots.FullpageScreenshot" name="CompletePageScreenshot" time="32.246"/>
</testsuite> <!-- screenshots.FullpageScreenshot -->
