<?xml version="1.0" encoding="UTF-8"?>
<!-- Generated by org.testng.reporters.JUnitReportReporter -->
<testsuite hostname="PaviMouli" failures="0" tests="1" name="withoutbrowser.Headless" time="3.000" errors="0" timestamp="2025-09-09T07:36:36 IST" skipped="0">
  <testcase classname="withoutbrowser.Headless" name="withoutbrowser" time="3.000"/>
</testsuite> <!-- withoutbrowser.Headless -->
