<?xml version="1.0" encoding="UTF-8"?>
<!-- Generated by org.testng.reporters.JUnitReportReporter -->
<testsuite hostname="PaviMouli" failures="0" tests="3" name="testngframework.H_TestCases_Run_MultipleTimes" time="6.285" errors="0" timestamp="2025-08-24T23:47:46 IST" skipped="0">
  <testcase classname="testngframework.H_TestCases_Run_MultipleTimes" name="method1" time="3.077"/>
  <testcase classname="testngframework.H_TestCases_Run_MultipleTimes" name="method2" time="1.462"/>
  <testcase classname="testngframework.H_TestCases_Run_MultipleTimes" name="method1" time="1.746"/>
</testsuite> <!-- testngframework.H_TestCases_Run_MultipleTimes -->
