<?xml version="1.0" encoding="UTF-8"?>
<!-- Generated by org.testng.reporters.JUnitReportReporter -->
<testsuite hostname="PaviMouli" failures="0" tests="2" name="screenshots.TimeformateScreenShot" time="11.145" errors="0" timestamp="2025-09-09T17:15:50 IST" skipped="1">
  <testcase classname="screenshots.TimeformateScreenShot" name="techlearn" time="11.145"/>
  <testcase classname="screenshots.TimeformateScreenShot" name="facebook">
    <skipped/>
  </testcase> <!-- facebook -->
</testsuite> <!-- screenshots.TimeformateScreenShot -->
