<?xml version="1.0" encoding="UTF-8"?>
<!-- Generated by org.testng.reporters.JUnitReportReporter -->
<testsuite hostname="PaviMouli" failures="0" tests="5" name="testngframework.B_TestCases_Execution_By_Alphatical_Order" time="9.193" errors="0" timestamp="2025-08-23T08:52:21 IST" skipped="0">
  <testcase classname="testngframework.B_TestCases_Execution_By_Alphatical_Order" name="Selenium" time="0.959"/>
  <testcase classname="testngframework.B_TestCases_Execution_By_Alphatical_Order" name="facebook" time="1.565"/>
  <testcase classname="testngframework.B_TestCases_Execution_By_Alphatical_Order" name="twitter" time="5.528"/>
  <testcase classname="testngframework.B_TestCases_Execution_By_Alphatical_Order" name="google" time="0.214"/>
  <testcase classname="testngframework.B_TestCases_Execution_By_Alphatical_Order" name="Zomato" time="0.927"/>
</testsuite> <!-- testngframework.B_TestCases_Execution_By_Alphatical_Order -->
