<?xml version="1.0" encoding="UTF-8"?>
<!-- Generated by org.testng.reporters.JUnitReportReporter -->
<testsuite hostname="PaviMouli" failures="0" tests="1" name="screenshots.ErrorPageScreenshot" time="6.978" errors="0" timestamp="2025-09-09T19:23:30 IST" skipped="0">
  <testcase classname="screenshots.ErrorPageScreenshot" name="techlearnlogin" time="6.978"/>
</testsuite> <!-- screenshots.ErrorPageScreenshot -->
