<?xml version="1.0" encoding="UTF-8"?>
<!-- Generated by org.testng.reporters.JUnitReportReporter -->
<testsuite hostname="PaviMouli" failures="0" tests="1" name="log4j.Log4JFramework" time="28.901" errors="0" timestamp="2025-09-10T10:00:54 IST" skipped="0">
  <testcase classname="log4j.Log4JFramework" name="loginmodule" time="28.901"/>
</testsuite> <!-- log4j.Log4JFramework -->
