<?xml version="1.0" encoding="UTF-8"?>
<!-- Generated by org.testng.reporters.JUnitReportReporter -->
<testsuite hostname="PaviMouli" failures="0" tests="1" name="actionsclassprograms.RCDCDDMOKF" time="7.611" errors="0" timestamp="2025-09-02T07:46:56 IST" skipped="0">
  <testcase classname="actionsclassprograms.RCDCDDMOKF" name="DoubleClick" time="7.611"/>
</testsuite> <!-- actionsclassprograms.RCDCDDMOKF -->
