<?xml version="1.0" encoding="UTF-8"?>
<!-- Generated by org.testng.reporters.JUnitReportReporter -->
<testsuite hostname="PaviMouli" failures="0" tests="4" name="testngframework.G_TestCases_Description_Feature" time="6.296" errors="0" timestamp="2025-08-24T23:46:46 IST" skipped="1">
  <testcase classname="testngframework.G_TestCases_Description_Feature" name="zomato" time="0.801"/>
  <testcase classname="testngframework.G_TestCases_Description_Feature" name="Twitter" time="4.528"/>
  <testcase classname="testngframework.G_TestCases_Description_Feature" name="selenium" time="0.967"/>
  <testcase classname="testngframework.G_TestCases_Description_Feature" name="google">
    <skipped/>
  </testcase> <!-- google -->
</testsuite> <!-- testngframework.G_TestCases_Description_Feature -->
