<?xml version="1.0" encoding="UTF-8"?>
<!-- Generated by org.testng.reporters.JUnitReportReporter -->
<testsuite hostname="PaviMouli" failures="0" tests="6" name="testngframework.K_DataProvider" time="22.699" errors="0" timestamp="2025-09-11T21:28:41 IST" skipped="0">
  <testcase classname="testngframework.K_DataProvider" name="login" time="5.231"/>
  <testcase classname="testngframework.K_DataProvider" name="login" time="2.816"/>
  <testcase classname="testngframework.K_DataProvider" name="login" time="4.134"/>
  <testcase classname="testngframework.K_DataProvider" name="login" time="3.327"/>
  <testcase classname="testngframework.K_DataProvider" name="login" time="3.382"/>
  <testcase classname="testngframework.K_DataProvider" name="login" time="3.809"/>
</testsuite> <!-- testngframework.K_DataProvider -->
