<?xml version="1.0" encoding="UTF-8"?>
<!-- Generated by org.testng.reporters.JUnitReportReporter -->
<testsuite hostname="PaviMouli" failures="0" tests="7" name="testngframework.C_TestCases_Execution_By_Priority_Order" time="13.495" errors="0" timestamp="2025-08-24T23:37:25 IST" skipped="0">
  <testcase classname="testngframework.C_TestCases_Execution_By_Priority_Order" name="techlearn" time="1.291"/>
  <testcase classname="testngframework.C_TestCases_Execution_By_Priority_Order" name="zomato" time="0.631"/>
  <testcase classname="testngframework.C_TestCases_Execution_By_Priority_Order" name="twitter" time="4.865"/>
  <testcase classname="testngframework.C_TestCases_Execution_By_Priority_Order" name="google" time="0.863"/>
  <testcase classname="testngframework.C_TestCases_Execution_By_Priority_Order" name="swiggy" time="4.671"/>
  <testcase classname="testngframework.C_TestCases_Execution_By_Priority_Order" name="selenium" time="0.766"/>
  <testcase classname="testngframework.C_TestCases_Execution_By_Priority_Order" name="facebook" time="0.408"/>
</testsuite> <!-- testngframework.C_TestCases_Execution_By_Priority_Order -->
